TN:
SF:src\app.ts
FNF:0
FNH:0
DA:1,6
DA:2,6
DA:3,6
DA:4,6
DA:5,6
DA:7,6
DA:10,6
DA:11,6
DA:12,6
DA:13,6
DA:14,6
DA:15,6
DA:16,6
DA:18,6
DA:20,6
DA:25,6
DA:32,6
DA:33,6
DA:34,6
DA:35,6
DA:39,6
DA:40,6
DA:41,6
DA:42,6
DA:43,6
DA:44,6
DA:45,6
DA:47,6
DA:52,6
LF:29
LH:29
BRF:0
BRH:0
end_of_record
TN:
SF:src\config\email.ts
FNF:0
FNH:0
DA:1,6
DA:3,6
LF:2
LH:2
BRF:0
BRH:0
end_of_record
TN:
SF:src\config\index.ts
FNF:0
FNH:0
DA:1,6
DA:2,6
DA:7,6
DA:11,6
DA:15,6
LF:5
LH:5
BRDA:3,0,0,6
BRDA:3,0,1,0
BRDA:8,1,0,6
BRDA:8,1,1,0
BRDA:12,2,0,6
BRDA:12,2,1,0
BRDA:16,3,0,6
BRDA:16,3,1,0
BRF:8
BRH:4
end_of_record
TN:
SF:src\controllers\auth.controller.ts
FN:21,(anonymous_1)
FN:30,(anonymous_2)
FN:37,(anonymous_3)
FN:46,(anonymous_4)
FN:102,(anonymous_5)
FN:140,(anonymous_6)
FN:174,(anonymous_7)
FNF:7
FNH:6
FNDA:12,(anonymous_1)
FNDA:0,(anonymous_2)
FNDA:13,(anonymous_3)
FNDA:4,(anonymous_4)
FNDA:3,(anonymous_5)
FNDA:3,(anonymous_6)
FNDA:2,(anonymous_7)
DA:2,7
DA:3,7
DA:4,7
DA:5,7
DA:6,7
DA:7,7
DA:8,7
DA:9,7
DA:18,7
DA:22,12
DA:23,12
DA:24,11
DA:25,9
DA:27,3
DA:31,0
DA:32,0
DA:33,0
DA:38,13
DA:39,13
DA:40,13
DA:41,10
DA:43,3
DA:47,4
DA:48,4
DA:50,4
DA:52,4
DA:53,2
DA:59,2
DA:61,2
DA:62,2
DA:64,2
DA:66,2
DA:69,2
DA:78,2
DA:89,2
DA:95,0
DA:103,3
DA:104,3
DA:106,3
DA:111,3
DA:112,2
DA:118,1
DA:120,1
DA:121,1
DA:122,1
DA:124,1
DA:126,1
DA:132,0
DA:141,3
DA:142,3
DA:144,3
DA:145,0
DA:149,3
DA:152,3
DA:156,3
DA:159,3
DA:170,0
DA:175,2
DA:176,2
DA:177,2
DA:178,1
DA:181,1
DA:184,1
DA:185,1
DA:189,1
DA:190,0
DA:194,1
DA:195,0
DA:198,1
DA:201,1
DA:202,0
DA:206,1
DA:207,0
DA:208,0
DA:210,0
DA:216,1
DA:225,1
DA:232,0
DA:233,0
LF:79
LH:64
BRDA:52,0,0,2
BRDA:52,0,1,2
BRDA:111,1,0,2
BRDA:111,1,1,1
BRDA:142,2,0,3
BRDA:142,2,1,0
BRDA:144,3,0,0
BRDA:144,3,1,3
BRDA:176,4,0,2
BRDA:176,4,1,1
BRDA:177,5,0,1
BRDA:177,5,1,1
BRDA:184,6,0,1
BRDA:184,6,1,0
BRDA:189,7,0,0
BRDA:189,7,1,1
BRDA:194,8,0,0
BRDA:194,8,1,1
BRDA:201,9,0,0
BRDA:201,9,1,1
BRDA:206,10,0,0
BRDA:206,10,1,1
BRF:22
BRH:15
end_of_record
TN:
SF:src\controllers\cart.controller.ts
FN:4,(anonymous_0)
FN:8,(anonymous_1)
FNF:2
FNH:2
FNDA:1,(anonymous_0)
FNDA:1,(anonymous_1)
DA:3,7
DA:5,1
DA:9,1
LF:3
LH:3
BRF:0
BRH:0
end_of_record
TN:
SF:src\controllers\order.controller.ts
FN:8,(anonymous_1)
FN:70,(anonymous_2)
FN:102,(anonymous_3)
FN:120,(anonymous_4)
FN:156,(anonymous_5)
FN:226,(anonymous_6)
FNF:6
FNH:6
FNDA:5,(anonymous_1)
FNDA:1,(anonymous_2)
FNDA:1,(anonymous_3)
FNDA:4,(anonymous_4)
FNDA:3,(anonymous_5)
FNDA:4,(anonymous_6)
DA:2,7
DA:3,7
DA:4,7
DA:5,7
DA:6,7
DA:9,5
DA:10,5
DA:17,5
DA:20,5
DA:21,5
DA:22,5
DA:23,5
DA:24,5
DA:25,5
DA:26,5
DA:28,5
DA:29,2
DA:36,3
DA:47,2
DA:56,2
DA:62,1
DA:63,1
DA:71,1
DA:72,1
DA:73,1
DA:75,1
DA:77,1
DA:79,1
DA:85,1
DA:96,0
DA:103,1
DA:104,1
DA:106,1
DA:109,1
DA:114,0
DA:121,4
DA:122,4
DA:123,4
DA:125,4
DA:127,4
DA:128,1
DA:134,3
DA:135,2
DA:141,1
DA:142,1
DA:144,1
DA:150,0
DA:157,3
DA:158,3
DA:159,3
DA:161,3
DA:164,3
DA:165,1
DA:171,2
DA:172,2
DA:174,2
DA:176,2
DA:178,2
DA:181,2
DA:186,2
DA:191,2
DA:192,2
DA:204,1
DA:207,1
DA:211,2
DA:217,0
DA:218,0
DA:227,4
DA:228,4
DA:230,4
DA:233,4
DA:234,2
DA:240,2
DA:246,0
LF:74
LH:68
BRDA:28,0,0,2
BRDA:28,0,1,3
BRDA:28,1,0,5
BRDA:28,1,1,5
BRDA:28,1,2,3
BRDA:42,2,0,3
BRDA:42,2,1,0
BRDA:53,3,0,2
BRDA:53,3,1,0
BRDA:72,4,0,1
BRDA:72,4,1,0
BRDA:73,5,0,1
BRDA:73,5,1,0
BRDA:127,6,0,1
BRDA:127,6,1,3
BRDA:134,7,0,2
BRDA:134,7,1,1
BRDA:164,8,0,1
BRDA:164,8,1,2
BRDA:178,9,0,2
BRDA:178,9,1,0
BRDA:178,10,0,2
BRDA:178,10,1,0
BRDA:181,11,0,2
BRDA:181,11,1,0
BRDA:233,12,0,2
BRDA:233,12,1,2
BRF:27
BRH:20
end_of_record
TN:
SF:src\controllers\payment.controller.ts
FN:8,(anonymous_1)
FN:42,(anonymous_2)
FN:64,(anonymous_3)
FN:109,(anonymous_4)
FNF:4
FNH:4
FNDA:3,(anonymous_1)
FNDA:2,(anonymous_2)
FNDA:4,(anonymous_3)
FNDA:3,(anonymous_4)
DA:2,7
DA:3,7
DA:5,7
DA:9,3
DA:10,3
DA:12,3
DA:13,1
DA:19,2
DA:27,1
DA:33,1
DA:43,2
DA:44,2
DA:49,1
DA:55,1
DA:65,4
DA:66,4
DA:68,4
DA:69,1
DA:75,3
DA:81,2
DA:82,1
DA:89,1
DA:94,1
DA:100,1
DA:110,3
DA:111,3
DA:115,2
DA:116,1
DA:122,1
DA:128,1
LF:30
LH:30
BRDA:12,0,0,1
BRDA:12,0,1,2
BRDA:12,1,0,3
BRDA:12,1,1,3
BRDA:12,1,2,2
BRDA:12,1,3,2
BRDA:24,2,0,2
BRDA:24,2,1,2
BRDA:68,3,0,1
BRDA:68,3,1,3
BRDA:81,4,0,1
BRDA:81,4,1,1
BRDA:115,5,0,1
BRDA:115,5,1,1
BRF:14
BRH:14
end_of_record
TN:
SF:src\controllers\product.controller.ts
FN:5,(anonymous_0)
FN:7,(anonymous_1)
FN:11,(anonymous_2)
FN:26,(anonymous_3)
FN:31,(anonymous_4)
FN:38,(anonymous_5)
FN:52,(anonymous_6)
FNF:7
FNH:7
FNDA:14,(anonymous_0)
FNDA:4,(anonymous_1)
FNDA:1,(anonymous_2)
FNDA:3,(anonymous_3)
FNDA:3,(anonymous_4)
FNDA:3,(anonymous_5)
FNDA:2,(anonymous_6)
DA:2,7
DA:4,7
DA:5,14
DA:8,4
DA:9,4
DA:11,1
DA:15,4
DA:20,3
DA:22,1
DA:27,3
DA:28,3
DA:32,3
DA:36,3
DA:39,3
DA:40,3
DA:42,3
DA:46,2
DA:48,1
DA:53,2
DA:54,2
LF:20
LH:20
BRDA:5,0,0,6
BRDA:9,1,0,1
BRDA:9,1,1,3
BRF:3
BRH:3
end_of_record
TN:
SF:src\controllers\admin\admin.controller.ts
FN:9,(anonymous_1)
FN:17,(anonymous_2)
FN:55,(anonymous_3)
FN:81,(anonymous_4)
FN:119,(anonymous_5)
FN:171,(anonymous_6)
FNF:6
FNH:6
FNDA:15,(anonymous_1)
FNDA:5,(anonymous_2)
FNDA:4,(anonymous_3)
FNDA:7,(anonymous_4)
FNDA:6,(anonymous_5)
FNDA:6,(anonymous_6)
DA:2,7
DA:3,7
DA:4,7
DA:5,7
DA:6,7
DA:8,7
DA:10,15
DA:18,5
DA:19,5
DA:21,5
DA:22,1
DA:28,4
DA:31,4
DA:32,0
DA:35,4
DA:37,3
DA:44,1
DA:56,4
DA:57,4
DA:58,4
DA:60,4
DA:62,4
DA:70,0
DA:82,7
DA:83,7
DA:85,7
DA:87,4
DA:88,1
DA:94,3
DA:95,3
DA:97,3
DA:108,3
DA:120,6
DA:121,6
DA:123,6
DA:125,6
DA:126,6
DA:127,6
DA:128,6
DA:131,6
DA:132,1
DA:133,1
DA:137,6
DA:138,0
DA:141,6
DA:146,4
DA:147,0
DA:153,4
DA:160,2
DA:172,6
DA:173,6
DA:175,6
DA:177,4
DA:178,1
DA:184,3
DA:190,2
LF:56
LH:52
BRDA:10,0,0,6
BRDA:21,1,0,1
BRDA:21,1,1,4
BRDA:31,2,0,0
BRDA:31,2,1,4
BRDA:44,3,0,1
BRDA:44,3,1,0
BRDA:46,4,0,1
BRDA:46,4,1,0
BRDA:57,5,0,4
BRDA:57,5,1,1
BRDA:58,6,0,4
BRDA:58,6,1,1
BRDA:70,7,0,0
BRDA:70,7,1,0
BRDA:72,8,0,0
BRDA:72,8,1,0
BRDA:87,9,0,1
BRDA:87,9,1,3
BRDA:108,10,0,3
BRDA:108,10,1,1
BRDA:110,11,0,3
BRDA:110,11,1,0
BRDA:125,12,0,1
BRDA:125,12,1,5
BRDA:126,13,0,0
BRDA:126,13,1,6
BRDA:127,14,0,4
BRDA:127,14,1,2
BRDA:128,15,0,0
BRDA:128,15,1,6
BRDA:131,16,0,1
BRDA:131,16,1,5
BRDA:131,17,0,6
BRDA:131,17,1,1
BRDA:137,18,0,0
BRDA:137,18,1,6
BRDA:146,19,0,0
BRDA:146,19,1,4
BRDA:160,20,0,2
BRDA:160,20,1,0
BRDA:162,21,0,2
BRDA:162,21,1,0
BRDA:177,22,0,1
BRDA:177,22,1,3
BRDA:190,23,0,2
BRDA:190,23,1,0
BRDA:192,24,0,2
BRDA:192,24,1,0
BRF:49
BRH:33
end_of_record
TN:
SF:src\controllers\admin\dashboard.controller.ts
FN:5,(anonymous_0)
FN:8,(anonymous_1)
FNF:2
FNH:2
FNDA:8,(anonymous_0)
FNDA:2,(anonymous_1)
DA:2,7
DA:5,7
DA:6,8
DA:9,2
DA:10,2
DA:11,1
DA:16,1
LF:7
LH:7
BRF:0
BRH:0
end_of_record
TN:
SF:src\database\index.ts
FN:4,(anonymous_1)
FNF:1
FNH:1
FNDA:6,(anonymous_1)
DA:1,6
DA:2,6
DA:4,6
DA:5,6
DA:7,6
DA:8,0
DA:11,6
DA:12,6
DA:14,0
DA:16,0
DA:17,0
DA:19,0
LF:12
LH:7
BRDA:7,0,0,0
BRDA:7,0,1,6
BRDA:16,1,0,0
BRDA:16,1,1,0
BRF:4
BRH:1
end_of_record
TN:
SF:src\dtos\auth.dto.ts
FNF:0
FNH:0
DA:1,6
DA:3,6
DA:10,6
LF:3
LH:3
BRF:0
BRH:0
end_of_record
TN:
SF:src\dtos\user.dto.ts
FN:42,(anonymous_1)
FNF:1
FNH:0
FNDA:0,(anonymous_1)
DA:1,7
DA:6,7
DA:19,7
DA:34,7
DA:42,0
DA:52,7
DA:62,7
LF:7
LH:6
BRF:0
BRH:0
end_of_record
TN:
SF:src\errors\http-error.ts
FN:4,(anonymous_0)
FNF:1
FNH:1
FNDA:12,(anonymous_0)
DA:1,8
DA:5,12
DA:6,12
LF:3
LH:3
BRF:0
BRH:0
end_of_record
TN:
SF:src\middlewares\admin.middleware.ts
FN:3,(anonymous_0)
FNF:1
FNH:1
FNDA:31,(anonymous_0)
DA:3,7
DA:4,31
DA:5,31
DA:6,1
DA:12,29
DA:13,3
DA:19,26
DA:21,1
DA:28,7
LF:9
LH:9
BRDA:5,0,0,1
BRDA:5,0,1,29
BRDA:12,1,0,3
BRDA:12,1,1,26
BRF:4
BRH:4
end_of_record
TN:
SF:src\middlewares\auth.middleware.ts
FN:21,(anonymous_1)
FNF:1
FNH:1
FNDA:51,(anonymous_1)
DA:1,7
DA:21,7
DA:22,51
DA:23,51
DA:26,51
DA:27,9
DA:33,42
DA:36,42
DA:42,38
DA:47,38
DA:49,4
DA:56,7
LF:12
LH:12
BRDA:26,0,0,9
BRDA:26,0,1,42
BRDA:26,1,0,51
BRDA:26,1,1,43
BRF:4
BRH:4
end_of_record
TN:
SF:src\middlewares\upload.middleware.ts
FN:13,(anonymous_1)
FN:16,(anonymous_2)
FNF:2
FNH:0
FNDA:0,(anonymous_1)
FNDA:0,(anonymous_2)
DA:1,8
DA:2,8
DA:3,8
DA:5,8
DA:8,8
DA:9,1
DA:12,8
DA:14,0
DA:19,0
DA:21,0
DA:25,8
DA:27,8
LF:12
LH:9
BRDA:8,0,0,1
BRDA:8,0,1,7
BRF:2
BRH:2
end_of_record
TN:
SF:src\models\cart.model.ts
FNF:0
FNH:0
DA:1,0
DA:3,0
DA:17,0
LF:3
LH:0
BRF:0
BRH:0
end_of_record
TN:
SF:src\models\notification.model.ts
FNF:0
FNH:0
DA:1,7
DA:3,7
DA:22,7
LF:3
LH:3
BRF:0
BRH:0
end_of_record
TN:
SF:src\models\order.model.ts
FNF:0
FNH:0
DA:1,13
DA:3,13
DA:53,13
LF:3
LH:3
BRF:0
BRH:0
end_of_record
TN:
SF:src\models\payment.model.ts
FNF:0
FNH:0
DA:1,13
DA:3,13
DA:37,13
LF:3
LH:3
BRF:0
BRH:0
end_of_record
TN:
SF:src\models\product.model.ts
FNF:0
FNH:0
DA:1,8
DA:3,8
DA:50,8
DA:52,8
LF:4
LH:4
BRF:0
BRH:0
end_of_record
TN:
SF:src\models\user.model.ts
FNF:0
FNH:0
DA:1,13
DA:28,13
DA:117,13
DA:119,13
LF:4
LH:4
BRF:0
BRH:0
end_of_record
TN:
SF:src\repositories\auth.repository.ts
FN:5,(anonymous_1)
FN:8,(anonymous_2)
FN:12,(anonymous_3)
FN:15,(anonymous_4)
FNF:4
FNH:2
FNDA:0,(anonymous_1)
FNDA:20,(anonymous_2)
FNDA:8,(anonymous_3)
FNDA:0,(anonymous_4)
DA:1,8
DA:4,8
DA:6,0
DA:9,20
DA:13,8
DA:16,0
LF:6
LH:4
BRF:0
BRH:0
end_of_record
TN:
SF:src\repositories\dashboard.repository.ts
FN:6,(anonymous_1)
FN:10,(anonymous_2)
FN:14,(anonymous_3)
FN:18,(anonymous_4)
FN:32,(anonymous_5)
FN:37,(anonymous_6)
FN:54,(anonymous_7)
FN:60,(anonymous_8)
FN:83,(anonymous_9)
FNF:9
FNH:9
FNDA:1,(anonymous_1)
FNDA:1,(anonymous_2)
FNDA:1,(anonymous_3)
FNDA:2,(anonymous_4)
FNDA:1,(anonymous_5)
FNDA:1,(anonymous_6)
FNDA:2,(anonymous_7)
FNDA:1,(anonymous_8)
FNDA:2,(anonymous_9)
DA:1,9
DA:2,9
DA:3,9
DA:5,9
DA:7,1
DA:11,1
DA:15,1
DA:19,2
DA:29,2
DA:33,1
DA:38,1
DA:49,1
DA:54,2
DA:61,1
DA:62,1
DA:64,1
DA:79,1
DA:83,2
LF:18
LH:18
BRDA:29,0,0,2
BRDA:29,0,1,1
BRF:2
BRH:2
end_of_record
TN:
SF:src\repositories\product.repository.ts
FN:4,(anonymous_1)
FN:8,(anonymous_2)
FN:12,(anonymous_3)
FN:16,(anonymous_4)
FN:20,(anonymous_5)
FNF:5
FNH:4
FNDA:1,(anonymous_1)
FNDA:2,(anonymous_2)
FNDA:0,(anonymous_3)
FNDA:2,(anonymous_4)
FNDA:1,(anonymous_5)
DA:1,8
DA:3,8
DA:5,1
DA:9,2
DA:13,0
DA:17,2
DA:21,1
LF:7
LH:6
BRF:0
BRH:0
end_of_record
TN:
SF:src\repositories\user.repository.ts
FN:28,(anonymous_1)
FN:33,(anonymous_2)
FN:37,(anonymous_3)
FN:41,(anonymous_4)
FN:45,(anonymous_5)
FN:68,(anonymous_6)
FN:76,(anonymous_7)
FN:93,(anonymous_8)
FNF:8
FNH:7
FNDA:2,(anonymous_1)
FNDA:3,(anonymous_2)
FNDA:0,(anonymous_3)
FNDA:13,(anonymous_4)
FNDA:3,(anonymous_5)
FNDA:2,(anonymous_6)
FNDA:2,(anonymous_7)
FNDA:2,(anonymous_8)
DA:1,8
DA:26,8
DA:29,2
DA:30,2
DA:34,3
DA:38,0
DA:42,13
DA:46,3
DA:48,3
DA:50,3
DA:56,3
DA:74,2
DA:76,2
DA:77,2
DA:78,2
DA:79,2
DA:83,2
DA:94,2
DA:95,2
LF:19
LH:18
BRDA:78,0,0,2
BRDA:78,0,1,0
BRDA:78,1,0,2
BRDA:78,1,1,2
BRDA:95,2,0,2
BRDA:95,2,1,0
BRF:6
BRH:4
end_of_record
TN:
SF:src\routes\admin.route.ts
FN:24,(anonymous_1)
FNF:1
FNH:0
FNDA:0,(anonymous_1)
DA:1,6
DA:2,6
DA:3,6
DA:4,6
DA:5,6
DA:6,6
DA:7,6
DA:9,6
DA:10,6
DA:11,6
DA:14,6
DA:15,6
DA:21,6
DA:25,0
DA:26,0
DA:27,0
DA:28,0
DA:30,0
DA:32,0
DA:33,0
DA:40,0
DA:41,0
DA:42,0
DA:45,0
DA:47,0
DA:53,0
DA:54,0
DA:66,6
DA:75,6
DA:84,6
DA:92,6
DA:96,6
DA:105,6
DA:110,6
LF:34
LH:20
BRDA:32,0,0,0
BRDA:32,0,1,0
BRDA:40,1,0,0
BRDA:40,1,1,0
BRDA:41,2,0,0
BRDA:41,2,1,0
BRF:6
BRH:0
end_of_record
TN:
SF:src\routes\auth.route.ts
FNF:0
FNH:0
DA:1,6
DA:2,6
DA:3,6
DA:5,6
DA:7,6
DA:10,6
DA:11,6
DA:14,6
DA:19,6
DA:22,6
DA:28,6
DA:29,6
DA:31,6
LF:13
LH:13
BRF:0
BRH:0
end_of_record
TN:
SF:src\routes\cart.route.ts
FNF:0
FNH:0
DA:1,6
DA:2,6
DA:3,6
DA:6,6
DA:8,6
DA:9,6
DA:11,6
LF:7
LH:7
BRF:0
BRH:0
end_of_record
TN:
SF:src\routes\notification.route.ts
FN:8,(anonymous_1)
FN:17,(anonymous_2)
FNF:2
FNH:0
FNDA:0,(anonymous_1)
FNDA:0,(anonymous_2)
DA:1,6
DA:2,6
DA:3,6
DA:5,6
DA:8,6
DA:9,0
DA:13,0
DA:17,6
DA:18,0
DA:22,0
DA:25,6
LF:11
LH:7
BRF:0
BRH:0
end_of_record
TN:
SF:src\routes\order.route.ts
FNF:0
FNH:0
DA:1,6
DA:2,6
DA:3,6
DA:4,6
DA:6,6
DA:12,6
DA:18,6
DA:20,6
DA:21,6
DA:26,6
DA:36,6
DA:38,6
LF:12
LH:12
BRF:0
BRH:0
end_of_record
TN:
SF:src\routes\payment.route.ts
FNF:0
FNH:0
DA:1,6
DA:2,6
DA:3,6
DA:4,6
DA:6,6
DA:9,6
DA:10,6
DA:13,6
DA:14,6
DA:15,6
DA:17,6
LF:11
LH:11
BRF:0
BRH:0
end_of_record
TN:
SF:src\routes\product.routes.ts
FNF:0
FNH:0
DA:1,6
DA:2,6
DA:3,6
DA:4,6
DA:5,6
DA:7,6
DA:8,6
DA:13,6
DA:16,6
DA:24,6
DA:33,6
DA:41,6
DA:48,6
LF:13
LH:13
BRF:0
BRH:0
end_of_record
TN:
SF:src\routes\reverse.route.ts
FN:5,(anonymous_0)
FNF:1
FNH:1
FNDA:3,(anonymous_0)
DA:1,7
DA:3,7
DA:5,7
DA:6,3
DA:8,3
DA:9,1
DA:12,2
DA:13,2
DA:22,1
DA:23,1
DA:25,1
DA:29,7
LF:12
LH:12
BRDA:8,0,0,1
BRDA:8,0,1,2
BRDA:8,1,0,3
BRDA:8,1,1,2
BRF:4
BRH:4
end_of_record
TN:
SF:src\services\auth.services.ts
FN:6,(anonymous_1)
FN:17,(anonymous_2)
FN:29,(anonymous_3)
FNF:3
FNH:3
FNDA:11,(anonymous_1)
FNDA:2,(anonymous_2)
FNDA:14,(anonymous_3)
DA:1,8
DA:2,8
DA:3,8
DA:5,8
DA:7,11
DA:8,11
DA:10,9
DA:12,9
DA:18,2
DA:19,2
DA:21,1
DA:30,14
DA:31,14
DA:33,12
DA:34,12
DA:36,10
DA:47,10
LF:17
LH:17
BRDA:8,0,0,2
BRDA:8,0,1,9
BRDA:19,1,0,1
BRDA:19,1,1,1
BRDA:26,2,0,1
BRDA:26,2,1,0
BRDA:31,3,0,2
BRDA:31,3,1,12
BRDA:34,4,0,2
BRDA:34,4,1,10
BRDA:58,5,0,10
BRDA:58,5,1,9
BRF:12
BRH:11
end_of_record
TN:
SF:src\services\email.service.ts
FN:3,(anonymous_1)
FNF:1
FNH:1
FNDA:2,(anonymous_1)
DA:1,1
DA:3,1
DA:7,2
DA:15,2
LF:4
LH:4
BRF:0
BRH:0
end_of_record
TN:
SF:src\services\product.service.ts
FN:4,(anonymous_1)
FN:7,(anonymous_2)
FN:11,(anonymous_3)
FN:15,(anonymous_4)
FN:19,(anonymous_5)
FN:22,(anonymous_6)
FN:26,(anonymous_7)
FNF:7
FNH:7
FNDA:13,(anonymous_1)
FNDA:2,(anonymous_2)
FNDA:3,(anonymous_3)
FNDA:2,(anonymous_4)
FNDA:3,(anonymous_5)
FNDA:2,(anonymous_6)
FNDA:2,(anonymous_7)
DA:1,8
DA:2,8
DA:4,8
DA:5,13
DA:8,2
DA:12,3
DA:16,2
DA:20,3
DA:23,2
DA:27,2
LF:10
LH:10
BRF:0
BRH:0
end_of_record
TN:
SF:src\services\admin\dashboard.service.ts
FN:3,(anonymous_0)
FN:6,(anonymous_1)
FNF:2
FNH:2
FNDA:7,(anonymous_0)
FNDA:1,(anonymous_1)
DA:1,8
DA:3,8
DA:4,7
DA:8,1
DA:9,1
DA:10,1
DA:11,1
DA:12,1
DA:16,1
DA:17,1
DA:19,1
LF:11
LH:11
BRF:0
BRH:0
end_of_record
TN:
SF:src\services\admin\user.service.ts
FN:7,(anonymous_1)
FN:10,(anonymous_2)
FN:24,(anonymous_3)
FN:29,(anonymous_4)
FN:38,(anonymous_5)
FN:65,(anonymous_6)
FNF:6
FNH:6
FNDA:17,(anonymous_1)
FNDA:5,(anonymous_2)
FNDA:4,(anonymous_3)
FNDA:7,(anonymous_4)
FNDA:8,(anonymous_5)
FNDA:6,(anonymous_6)
DA:1,8
DA:3,8
DA:4,8
DA:6,8
DA:7,17
DA:12,5
DA:13,5
DA:14,2
DA:17,3
DA:18,3
DA:20,3
DA:25,4
DA:30,7
DA:31,6
DA:32,3
DA:34,3
DA:40,8
DA:41,8
DA:42,3
DA:46,5
DA:47,1
DA:48,1
DA:49,1
DA:54,4
DA:55,1
DA:56,1
DA:58,3
DA:61,4
DA:66,6
DA:67,6
DA:68,3
DA:71,3
LF:32
LH:32
BRDA:7,0,0,6
BRDA:13,1,0,2
BRDA:13,1,1,3
BRDA:31,2,0,3
BRDA:31,2,1,3
BRDA:41,3,0,3
BRDA:41,3,1,5
BRDA:46,4,0,1
BRDA:46,4,1,4
BRDA:46,5,0,5
BRDA:46,5,1,1
BRDA:48,6,0,1
BRDA:48,6,1,0
BRDA:54,7,0,1
BRDA:54,7,1,3
BRDA:54,8,0,4
BRDA:54,8,1,1
BRDA:67,9,0,3
BRDA:67,9,1,3
BRF:19
BRH:18
end_of_record
TN:
SF:src\types\index.d.ts
FNF:0
FNH:0
LF:0
LH:0
BRF:0
BRH:0
end_of_record
